Running main() from UnitTestsMain.cpp
Note: Google Test filter = ScriptedInput.*
[==========] Running 3 tests from 1 test suite.
[----------] 3 tests from ScriptedInput
[ RUN      ] ScriptedInput.NunchukStickUsesInclusiveRangesAndLastMatch
[       OK ] ScriptedInput.NunchukStickUsesInclusiveRangesAndLastMatch (0 ms)
[ RUN      ] ScriptedInput.NunchukButtonsComposeAndPreserveOrdinaryInput
[       OK ] ScriptedInput.NunchukButtonsComposeAndPreserveOrdinaryInput (0 ms)
[ RUN      ] ScriptedInput.NunchukRejectsInvalidOnlyScriptsAndOtherControllers
[       OK ] ScriptedInput.NunchukRejectsInvalidOnlyScriptsAndOtherControllers (0 ms)
[----------] 3 tests from ScriptedInput (0 ms total)
[==========] 3 tests from 1 test suite ran. (0 ms total)
[  PASSED  ] 3 tests.
